[2020-10-23 11:51:57] Текст ошибки: Введенный адрес /favicon.ico не совпадает с шаблоном |
      файл: /var/www/vendor/core/libs/Router.php | Строка: 67 
==================
[2020-11-09 11:08:46] Текст ошибки: Введенный адрес /favicon.ico не совпадает с шаблоном |
      файл: /var/www/vendor/core/libs/Router.php | Строка: 67 
==================
[2020-11-09 11:29:06] Текст ошибки: Введенный адрес /favicon.ico не совпадает с шаблоном |
      файл: /var/www/vendor/core/libs/Router.php | Строка: 67 
==================
[2020-11-09 11:58:44] Текст ошибки: Введенный адрес /favicon.ico не совпадает с шаблоном |
      файл: /var/www/vendor/core/libs/Router.php | Строка: 67 
==================
[2020-11-09 15:50:30] Текст ошибки: Введенный адрес /favicon.ico не совпадает с шаблоном |
      файл: /var/www/vendor/core/libs/Router.php | Строка: 67 
==================
[2020-11-09 16:08:08] Текст ошибки: Введенный адрес /favicon.ico не совпадает с шаблоном |
      файл: /var/www/vendor/core/libs/Router.php | Строка: 67 
==================
[2020-11-09 16:08:09] Текст ошибки: Введенный адрес /favicon.ico не совпадает с шаблоном |
      файл: /var/www/vendor/core/libs/Router.php | Строка: 67 
==================
[2020-11-09 16:08:09] Текст ошибки: Введенный адрес /favicon.ico не совпадает с шаблоном |
      файл: /var/www/vendor/core/libs/Router.php | Строка: 67 
==================
[2020-11-09 16:08:09] Текст ошибки: Введенный адрес /favicon.ico не совпадает с шаблоном |
      файл: /var/www/vendor/core/libs/Router.php | Строка: 67 
==================
[2020-11-09 16:08:10] Текст ошибки: Введенный адрес /favicon.ico не совпадает с шаблоном |
      файл: /var/www/vendor/core/libs/Router.php | Строка: 67 
==================
[2020-11-09 16:08:10] Текст ошибки: Введенный адрес /favicon.ico не совпадает с шаблоном |
      файл: /var/www/vendor/core/libs/Router.php | Строка: 67 
==================
[2020-11-09 16:11:15] Текст ошибки: Введенный адрес /favicon.ico не совпадает с шаблоном |
      файл: /var/www/vendor/core/libs/Router.php | Строка: 67 
==================
[2020-11-09 16:11:16] Текст ошибки: Введенный адрес /favicon.ico не совпадает с шаблоном |
      файл: /var/www/vendor/core/libs/Router.php | Строка: 67 
==================
[2020-11-09 16:11:16] Текст ошибки: Введенный адрес /favicon.ico не совпадает с шаблоном |
      файл: /var/www/vendor/core/libs/Router.php | Строка: 67 
==================
[2020-11-09 16:31:05] Текст ошибки: Введенный адрес /favicon.ico не совпадает с шаблоном |
      файл: /var/www/vendor/core/libs/Router.php | Строка: 67 
==================
[2020-11-09 16:31:06] Текст ошибки: Введенный адрес /favicon.ico не совпадает с шаблоном |
      файл: /var/www/vendor/core/libs/Router.php | Строка: 67 
==================
[2020-11-09 16:31:06] Текст ошибки: Введенный адрес /favicon.ico не совпадает с шаблоном |
      файл: /var/www/vendor/core/libs/Router.php | Строка: 67 
==================
[2020-11-16 14:44:46] Текст ошибки: Введенный адрес /favicon.ico не совпадает с шаблоном |
      файл: /var/www/vendor/core/libs/Router.php | Строка: 67 
==================
[2020-11-17 12:25:08] Текст ошибки: Введенный адрес /favicon.ico не совпадает с шаблоном |
      файл: /var/www/vendor/core/libs/Router.php | Строка: 67 
==================
[2020-11-17 12:26:06] Текст ошибки: Введенный адрес /favicon.ico не совпадает с шаблоном |
      файл: /var/www/vendor/core/libs/Router.php | Строка: 67 
==================
[2020-11-17 12:26:06] Текст ошибки: Введенный адрес /favicon.ico не совпадает с шаблоном |
      файл: /var/www/vendor/core/libs/Router.php | Строка: 67 
==================
[2020-11-17 12:26:07] Текст ошибки: Введенный адрес /favicon.ico не совпадает с шаблоном |
      файл: /var/www/vendor/core/libs/Router.php | Строка: 67 
==================
[2020-11-17 12:37:09] Текст ошибки: Введенный адрес /favicon.ico не совпадает с шаблоном |
      файл: /var/www/vendor/core/libs/Router.php | Строка: 67 
==================
[2020-11-17 12:37:09] Текст ошибки: Введенный адрес /favicon.ico не совпадает с шаблоном |
      файл: /var/www/vendor/core/libs/Router.php | Строка: 67 
==================
[2020-11-17 12:37:10] Текст ошибки: Введенный адрес /favicon.ico не совпадает с шаблоном |
      файл: /var/www/vendor/core/libs/Router.php | Строка: 67 
==================
[2020-11-17 12:37:10] Текст ошибки: Введенный адрес /favicon.ico не совпадает с шаблоном |
      файл: /var/www/vendor/core/libs/Router.php | Строка: 67 
==================
[2020-11-17 12:37:10] Текст ошибки: Введенный адрес /favicon.ico не совпадает с шаблоном |
      файл: /var/www/vendor/core/libs/Router.php | Строка: 67 
==================
[2020-11-17 12:37:10] Текст ошибки: Введенный адрес /favicon.ico не совпадает с шаблоном |
      файл: /var/www/vendor/core/libs/Router.php | Строка: 67 
==================
[2020-11-17 12:37:10] Текст ошибки: Введенный адрес /favicon.ico не совпадает с шаблоном |
      файл: /var/www/vendor/core/libs/Router.php | Строка: 67 
==================
[2020-11-17 12:44:15] Текст ошибки: Введенный адрес /favicon.ico не совпадает с шаблоном |
      файл: /var/www/vendor/core/libs/Router.php | Строка: 67 
==================
[2020-11-17 12:44:17] Текст ошибки: Введенный адрес /favicon.ico не совпадает с шаблоном |
      файл: /var/www/vendor/core/libs/Router.php | Строка: 67 
==================
[2020-11-17 12:44:17] Текст ошибки: Введенный адрес /favicon.ico не совпадает с шаблоном |
      файл: /var/www/vendor/core/libs/Router.php | Строка: 67 
==================
[2020-11-17 12:44:18] Текст ошибки: Введенный адрес /favicon.ico не совпадает с шаблоном |
      файл: /var/www/vendor/core/libs/Router.php | Строка: 67 
==================
[2020-11-17 13:20:43] Текст ошибки: Введенный адрес /favicon.ico не совпадает с шаблоном |
      файл: /var/www/vendor/core/libs/Router.php | Строка: 67 
==================
[2020-11-17 13:50:36] Текст ошибки: Введенный адрес /favicon.ico не совпадает с шаблоном |
      файл: /var/www/vendor/core/libs/Router.php | Строка: 67 
==================
[2020-11-17 13:52:10] Текст ошибки: Введенный адрес /favicon.ico не совпадает с шаблоном |
      файл: /var/www/vendor/core/libs/Router.php | Строка: 67 
==================
[2020-11-17 14:03:46] Текст ошибки: Введенный адрес /favicon.ico не совпадает с шаблоном |
      файл: /var/www/vendor/core/libs/Router.php | Строка: 67 
==================
[2020-11-17 14:07:46] Текст ошибки: Введенный адрес /favicon.ico не совпадает с шаблоном |
      файл: /var/www/vendor/core/libs/Router.php | Строка: 67 
==================
[2020-11-17 14:07:47] Текст ошибки: Введенный адрес /favicon.ico не совпадает с шаблоном |
      файл: /var/www/vendor/core/libs/Router.php | Строка: 67 
==================
[2020-11-17 14:09:33] Текст ошибки: Введенный адрес /favicon.ico не совпадает с шаблоном |
      файл: /var/www/vendor/core/libs/Router.php | Строка: 67 
==================
[2020-11-17 16:08:45] Текст ошибки: Введенный адрес /favicon.ico не совпадает с шаблоном |
      файл: /var/www/vendor/core/libs/Router.php | Строка: 67 
==================
[2020-11-17 16:09:43] Текст ошибки: Введенный адрес /favicon.ico не совпадает с шаблоном |
      файл: /var/www/vendor/core/libs/Router.php | Строка: 67 
==================
[2020-11-17 16:09:43] Текст ошибки: Введенный адрес /favicon.ico не совпадает с шаблоном |
      файл: /var/www/vendor/core/libs/Router.php | Строка: 67 
==================
[2020-11-17 16:30:13] Текст ошибки: Введенный адрес /favicon.ico не совпадает с шаблоном |
      файл: /var/www/vendor/core/libs/Router.php | Строка: 67 
==================
[2020-11-17 16:31:51] Текст ошибки: Введенный адрес /favicon.ico не совпадает с шаблоном |
      файл: /var/www/vendor/core/libs/Router.php | Строка: 67 
==================
[2020-11-18 11:16:17] Текст ошибки: Введенный адрес /favicon.ico не совпадает с шаблоном |
      файл: /var/www/vendor/core/libs/Router.php | Строка: 67 
==================
[2020-11-18 12:58:30] Текст ошибки: Введенный адрес /favicon.ico не совпадает с шаблоном |
      файл: /var/www/vendor/core/libs/Router.php | Строка: 67 
==================
[2020-11-18 12:58:34] Текст ошибки: Введенный адрес /favicon.ico не совпадает с шаблоном |
      файл: /var/www/vendor/core/libs/Router.php | Строка: 67 
==================
[2020-11-18 12:58:34] Текст ошибки: Введенный адрес /favicon.ico не совпадает с шаблоном |
      файл: /var/www/vendor/core/libs/Router.php | Строка: 67 
==================
[2020-11-18 12:58:34] Текст ошибки: Введенный адрес /favicon.ico не совпадает с шаблоном |
      файл: /var/www/vendor/core/libs/Router.php | Строка: 67 
==================
[2020-11-18 12:58:34] Текст ошибки: Введенный адрес /favicon.ico не совпадает с шаблоном |
      файл: /var/www/vendor/core/libs/Router.php | Строка: 67 
==================
[2020-11-18 12:58:34] Текст ошибки: Введенный адрес /favicon.ico не совпадает с шаблоном |
      файл: /var/www/vendor/core/libs/Router.php | Строка: 67 
==================
[2020-11-18 12:58:34] Текст ошибки: Введенный адрес /favicon.ico не совпадает с шаблоном |
      файл: /var/www/vendor/core/libs/Router.php | Строка: 67 
==================
[2020-11-18 12:58:35] Текст ошибки: Введенный адрес /favicon.ico не совпадает с шаблоном |
      файл: /var/www/vendor/core/libs/Router.php | Строка: 67 
==================
[2020-11-18 12:58:35] Текст ошибки: Введенный адрес /favicon.ico не совпадает с шаблоном |
      файл: /var/www/vendor/core/libs/Router.php | Строка: 67 
==================
[2020-11-18 12:58:35] Текст ошибки: Введенный адрес /favicon.ico не совпадает с шаблоном |
      файл: /var/www/vendor/core/libs/Router.php | Строка: 67 
==================
[2020-11-18 12:58:35] Текст ошибки: Введенный адрес /favicon.ico не совпадает с шаблоном |
      файл: /var/www/vendor/core/libs/Router.php | Строка: 67 
==================
[2020-11-18 12:58:35] Текст ошибки: Введенный адрес /favicon.ico не совпадает с шаблоном |
      файл: /var/www/vendor/core/libs/Router.php | Строка: 67 
==================
[2020-11-18 12:58:35] Текст ошибки: Введенный адрес /favicon.ico не совпадает с шаблоном |
      файл: /var/www/vendor/core/libs/Router.php | Строка: 67 
==================
[2020-11-18 12:58:36] Текст ошибки: Введенный адрес /favicon.ico не совпадает с шаблоном |
      файл: /var/www/vendor/core/libs/Router.php | Строка: 67 
==================
[2020-11-18 12:58:36] Текст ошибки: Введенный адрес /favicon.ico не совпадает с шаблоном |
      файл: /var/www/vendor/core/libs/Router.php | Строка: 67 
==================
[2020-11-18 12:58:36] Текст ошибки: Введенный адрес /favicon.ico не совпадает с шаблоном |
      файл: /var/www/vendor/core/libs/Router.php | Строка: 67 
==================
[2020-11-18 12:58:36] Текст ошибки: Введенный адрес /favicon.ico не совпадает с шаблоном |
      файл: /var/www/vendor/core/libs/Router.php | Строка: 67 
==================
[2020-11-18 12:58:36] Текст ошибки: Введенный адрес /favicon.ico не совпадает с шаблоном |
      файл: /var/www/vendor/core/libs/Router.php | Строка: 67 
==================
[2020-11-18 12:58:36] Текст ошибки: Введенный адрес /favicon.ico не совпадает с шаблоном |
      файл: /var/www/vendor/core/libs/Router.php | Строка: 67 
==================
[2020-11-18 12:58:37] Текст ошибки: Введенный адрес /favicon.ico не совпадает с шаблоном |
      файл: /var/www/vendor/core/libs/Router.php | Строка: 67 
==================
[2020-11-18 12:58:37] Текст ошибки: Введенный адрес /favicon.ico не совпадает с шаблоном |
      файл: /var/www/vendor/core/libs/Router.php | Строка: 67 
==================
[2020-11-18 12:58:37] Текст ошибки: Введенный адрес /favicon.ico не совпадает с шаблоном |
      файл: /var/www/vendor/core/libs/Router.php | Строка: 67 
==================
[2020-11-18 12:58:37] Текст ошибки: Введенный адрес /favicon.ico не совпадает с шаблоном |
      файл: /var/www/vendor/core/libs/Router.php | Строка: 67 
==================
[2020-11-18 12:58:37] Текст ошибки: Введенный адрес /favicon.ico не совпадает с шаблоном |
      файл: /var/www/vendor/core/libs/Router.php | Строка: 67 
==================
[2020-11-18 12:58:37] Текст ошибки: Введенный адрес /favicon.ico не совпадает с шаблоном |
      файл: /var/www/vendor/core/libs/Router.php | Строка: 67 
==================
[2020-11-18 12:58:37] Текст ошибки: Введенный адрес /favicon.ico не совпадает с шаблоном |
      файл: /var/www/vendor/core/libs/Router.php | Строка: 67 
==================
[2020-11-18 12:58:38] Текст ошибки: Введенный адрес /favicon.ico не совпадает с шаблоном |
      файл: /var/www/vendor/core/libs/Router.php | Строка: 67 
==================
[2020-11-18 12:58:38] Текст ошибки: Введенный адрес /favicon.ico не совпадает с шаблоном |
      файл: /var/www/vendor/core/libs/Router.php | Строка: 67 
==================
[2020-11-18 12:58:38] Текст ошибки: Введенный адрес /favicon.ico не совпадает с шаблоном |
      файл: /var/www/vendor/core/libs/Router.php | Строка: 67 
==================
[2020-11-18 14:53:16] Текст ошибки: Введенный адрес /curr не совпадает с шаблоном |
      файл: /var/www/vendor/core/libs/Router.php | Строка: 67 
==================
[2020-11-18 14:53:16] Текст ошибки: Введенный адрес /public/css/development.css не совпадает с шаблоном |
      файл: /var/www/vendor/core/libs/Router.php | Строка: 67 
==================
[2020-11-18 14:53:21] Текст ошибки: Контроллер App\Web\User\Controllers\CurrController не найден |
      файл: /var/www/vendor/core/libs/Router.php | Строка: 71 
==================
[2020-11-18 14:53:21] Текст ошибки: Введенный адрес /public/css/development.css не совпадает с шаблоном |
      файл: /var/www/vendor/core/libs/Router.php | Строка: 67 
==================
[2020-11-26 13:46:17] Текст ошибки: Введенный адрес /curr/index не совпадает с шаблоном |
      файл: /var/www/vendor/core/libs/Router.php | Строка: 67 
==================
[2020-11-26 13:46:17] Текст ошибки: Введенный адрес /public/css/development.css не совпадает с шаблоном |
      файл: /var/www/vendor/core/libs/Router.php | Строка: 67 
==================
[2020-11-26 13:46:18] Текст ошибки: Введенный адрес /curr/index не совпадает с шаблоном |
      файл: /var/www/vendor/core/libs/Router.php | Строка: 67 
==================
[2020-11-26 13:46:18] Текст ошибки: Введенный адрес /public/css/development.css не совпадает с шаблоном |
      файл: /var/www/vendor/core/libs/Router.php | Строка: 67 
==================
